<?xml version="1.0" encoding="UTF-8"?>
<!-- Generated by org.testng.reporters.JUnitXMLReporter -->
<testsuite ignored="0" hostname="Rihyant" failures="0" tests="5" name="Default test" time="2.896" errors="0" timestamp="2023-10-22T17:41:41 EDT">
  <testcase classname="testcases.TC_VideoGameAPI" name="test_getAllVideoGames" time="1.271"/>
  <testcase classname="testcases.TC_VideoGameAPI" name="test_addAllVIdeoGame" time="0.459"/>
  <testcase classname="testcases.TC_VideoGameAPI" name="test_getVideoGame" time="0.554"/>
  <testcase classname="testcases.TC_VideoGameAPI" name="test_updateVideoGame" time="0.324"/>
  <testcase classname="testcases.TC_VideoGameAPI" name="test_deleteVideoGame" time="0.261"/>
</testsuite> <!-- Default test -->
