<?xml version="1.0" encoding="UTF-8"?>
<!-- Generated by org.testng.reporters.JUnitXMLReporter -->
<testsuite ignored="0" hostname="Rihyant" failures="0" tests="5" name="Test" time="2.808" errors="0" timestamp="2023-10-22T17:52:49 EDT">
  <testcase classname="testcases.TC_VideoGameAPI" name="test_getAllVideoGames" time="1.096"/>
  <testcase classname="testcases.TC_VideoGameAPI" name="test_addVIdeoGame" time="0.498"/>
  <testcase classname="testcases.TC_VideoGameAPI" name="test_getVideoGame" time="0.577"/>
  <testcase classname="testcases.TC_VideoGameAPI" name="test_updateVideoGame" time="0.364"/>
  <testcase classname="testcases.TC_VideoGameAPI" name="test_deleteVideoGame" time="0.245"/>
</testsuite> <!-- Test -->
