<?xml version="1.0" encoding="UTF-8"?>
<testng-results ignored="0" total="5" passed="5" failed="0" skipped="0">
  <reporter-output>
  </reporter-output>
  <suite started-at="2023-10-22T17:52:46 EDT" name="Suite" finished-at="2023-10-22T17:52:49 EDT" duration-ms="2808">
    <groups>
    </groups>
    <test started-at="2023-10-22T17:52:46 EDT" name="Test" finished-at="2023-10-22T17:52:49 EDT" duration-ms="2808">
      <class name="testcases.TC_VideoGameAPI">
        <test-method signature="test_getAllVideoGames()[pri:1, instance:testcases.TC_VideoGameAPI@290222c1]" started-at="2023-10-22T17:52:46 EDT" name="test_getAllVideoGames" finished-at="2023-10-22T17:52:47 EDT" duration-ms="1096" status="PASS">
          <reporter-output>
          </reporter-output>
        </test-method> <!-- test_getAllVideoGames -->
        <test-method signature="test_addVIdeoGame()[pri:2, instance:testcases.TC_VideoGameAPI@290222c1]" started-at="2023-10-22T17:52:47 EDT" name="test_addVIdeoGame" finished-at="2023-10-22T17:52:48 EDT" duration-ms="498" status="PASS">
          <reporter-output>
          </reporter-output>
        </test-method> <!-- test_addVIdeoGame -->
        <test-method signature="test_getVideoGame()[pri:3, instance:testcases.TC_VideoGameAPI@290222c1]" started-at="2023-10-22T17:52:48 EDT" name="test_getVideoGame" finished-at="2023-10-22T17:52:48 EDT" duration-ms="577" status="PASS">
          <reporter-output>
          </reporter-output>
        </test-method> <!-- test_getVideoGame -->
        <test-method signature="test_updateVideoGame()[pri:4, instance:testcases.TC_VideoGameAPI@290222c1]" started-at="2023-10-22T17:52:48 EDT" name="test_updateVideoGame" finished-at="2023-10-22T17:52:49 EDT" duration-ms="364" status="PASS">
          <reporter-output>
          </reporter-output>
        </test-method> <!-- test_updateVideoGame -->
        <test-method signature="test_deleteVideoGame()[pri:5, instance:testcases.TC_VideoGameAPI@290222c1]" started-at="2023-10-22T17:52:49 EDT" name="test_deleteVideoGame" finished-at="2023-10-22T17:52:49 EDT" duration-ms="245" status="PASS">
          <reporter-output>
          </reporter-output>
        </test-method> <!-- test_deleteVideoGame -->
      </class> <!-- testcases.TC_VideoGameAPI -->
    </test> <!-- Test -->
  </suite> <!-- Suite -->
</testng-results>
